<?xml version="1.0" encoding="UTF-8"?>
<!-- Generated by org.testng.reporters.JUnitReportReporter -->
<testsuite hostname="CHITIMI" failures="0" tests="1" name="com.testng.webdriver.DemoAssert" time="2.937" errors="0" timestamp="2023-02-05T13:33:42 IST" skipped="0">
  <testcase classname="com.testng.webdriver.DemoAssert" name="verifytitle" time="2.937"/>
  <system-out/>
</testsuite> <!-- com.testng.webdriver.DemoAssert -->
