<?xml version="1.0" encoding="UTF-8"?>
<!-- Generated by org.testng.reporters.JUnitReportReporter -->
<testsuite hostname="CHITIMI" failures="0" tests="1" name="com.testng.webdriver.Demo" time="4.518" errors="0" timestamp="2023-02-01T00:51:39 IST" skipped="0">
  <testcase classname="com.testng.webdriver.Demo" name="a" time="4.518"/>
  <system-out/>
</testsuite> <!-- com.testng.webdriver.Demo -->
