<?xml version="1.0" encoding="UTF-8"?>
<!-- Generated by org.testng.reporters.JUnitReportReporter -->
<testsuite hostname="CHITIMI" failures="0" tests="1" name="com.actitime.testscript.CcMainMethod" time="23.033" errors="0" timestamp="2023-02-09T09:31:45 IST" skipped="0">
  <testcase classname="com.actitime.testscript.CcMainMethod" name="Ccustomer" time="23.033"/>
  <system-out>
    <![CDATA[open browser
login
logout
close browser]]>
  </system-out>
</testsuite> <!-- com.actitime.testscript.CcMainMethod -->
