<?xml version="1.0" encoding="UTF-8"?>
<!-- Generated by org.testng.reporters.JUnitReportReporter -->
<testsuite hostname="CHITIMI" failures="0" tests="1" name="com.testng.webdriver.ScreenShot" time="22.348" errors="0" timestamp="2023-02-02T09:22:20 IST" skipped="0">
  <testcase classname="com.testng.webdriver.ScreenShot" name="DemoScreenShot" time="22.348"/>
  <system-out/>
</testsuite> <!-- com.testng.webdriver.ScreenShot -->
