<?xml version="1.0" encoding="UTF-8"?>
<!-- Generated by org.testng.reporters.JUnitReportReporter -->
<testsuite hostname="CHITIMI" failures="0" tests="1" name="com.actitime.testscript.MainMethodForLogin" time="23.142" errors="0" timestamp="2023-02-04T23:06:28 IST" skipped="0">
  <testcase classname="com.actitime.testscript.MainMethodForLogin" name="test" time="23.142"/>
  <system-out/>
</testsuite> <!-- com.actitime.testscript.MainMethodForLogin -->
