<?xml version="1.0" encoding="UTF-8"?>
<!-- Generated by org.testng.reporters.JUnitReportReporter -->
<testsuite hostname="CHITIMI" failures="0" tests="1" name="com.actitime.testscript.CustomerModule" time="8.228" errors="0" timestamp="2023-03-08T11:28:29 IST" skipped="0">
  <testcase classname="com.actitime.testscript.CustomerModule" name="testCreateCustomer" time="8.228"/>
  <system-out>
    <![CDATA[Print hello]]>
  </system-out>
</testsuite> <!-- com.actitime.testscript.CustomerModule -->
